# JRE version: Java(TM) SE Runtime Environment (8.0_20-b26) (build 1.8.0_20-b26)
# Java VM: Java HotSpot(TM) 64-Bit Server VM (25.20-b23 mixed mode bsd-amd64 compressed oops)
Heap:
 PSYoungGen      total 28672K, used 17971K [0x00000007aab00000, 0x00000007ad380000, 0x00000007c0000000)
  eden space 28160K, 63% used [0x00000007aab00000,0x00000007abc7cdb8,0x00000007ac680000)
  from space 512K, 12% used [0x00000007ac700000,0x00000007ac710000,0x00000007ac780000)
  to   space 6656K, 0% used [0x00000007acd00000,0x00000007acd00000,0x00000007ad380000)
 ParOldGen       total 44032K, used 6883K [0x0000000780000000, 0x0000000782b00000, 0x00000007aab00000)
  object space 44032K, 15% used [0x0000000780000000,0x00000007806b8fd8,0x0000000782b00000)
 Metaspace       used 7936K, capacity 8025K, committed 8320K, reserved 1056768K
  class space    used 775K, capacity 823K, committed 896K, reserved 1048576K
GC Heap History (10 events):
Event: 19.229 GC heap before
{Heap before GC invocations=7 (full 0):
 PSYoungGen      total 36352K, used 33168K [0x00000007aab00000, 0x00000007ad600000, 0x00000007c0000000)
  eden space 30720K, 100% used [0x00000007aab00000,0x00000007ac900000,0x00000007ac900000)
  from space 5632K, 43% used [0x00000007ad080000,0x00000007ad2e4020,0x00000007ad600000)
  to   space 6656K, 0% used [0x00000007ac900000,0x00000007ac900000,0x00000007acf80000)
 ParOldGen       total 44032K, used 4398K [0x0000000780000000, 0x0000000782b00000, 0x00000007aab00000)
  object space 44032K, 9% used [0x0000000780000000,0x000000078044baf8,0x0000000782b00000)
 Metaspace       used 7930K, capacity 8025K, committed 8320K, reserved 1056768K
  class space    used 775K, capacity 823K, committed 896K, reserved 1048576K
Event: 19.235 GC heap after
Heap after GC invocations=7 (full 0):
 PSYoungGen      total 30720K, used 192K [0x00000007aab00000, 0x00000007ad580000, 0x00000007c0000000)
  eden space 30208K, 0% used [0x00000007aab00000,0x00000007aab00000,0x00000007ac880000)
  from space 512K, 37% used [0x00000007ac900000,0x00000007ac930000,0x00000007ac980000)
  to   space 6656K, 0% used [0x00000007acf00000,0x00000007acf00000,0x00000007ad580000)
 ParOldGen       total 44032K, used 6683K [0x0000000780000000, 0x0000000782b00000, 0x00000007aab00000)
  object space 44032K, 15% used [0x0000000780000000,0x0000000780686eb8,0x0000000782b00000)
 Metaspace       used 7930K, capacity 8025K, committed 8320K, reserved 1056768K
  class space    used 775K, capacity 823K, committed 896K, reserved 1048576K
}
Event: 24.396 GC heap before
{Heap before GC invocations=8 (full 0):
 PSYoungGen      total 30720K, used 30400K [0x00000007aab00000, 0x00000007ad580000, 0x00000007c0000000)
  eden space 30208K, 100% used [0x00000007aab00000,0x00000007ac880000,0x00000007ac880000)
  from space 512K, 37% used [0x00000007ac900000,0x00000007ac930000,0x00000007ac980000)
  to   space 6656K, 0% used [0x00000007acf00000,0x00000007acf00000,0x00000007ad580000)
 ParOldGen       total 44032K, used 6683K [0x0000000780000000, 0x0000000782b00000, 0x00000007aab00000)
  object space 44032K, 15% used [0x0000000780000000,0x0000000780686eb8,0x0000000782b00000)
 Metaspace       used 7930K, capacity 8025K, committed 8320K, reserved 1056768K
  class space    used 775K, capacity 823K, committed 896K, reserved 1048576K
Event: 24.397 GC heap after
Heap after GC invocations=8 (full 0):
 PSYoungGen      total 35840K, used 96K [0x00000007aab00000, 0x00000007ad500000, 0x00000007c0000000)
  eden space 29696K, 0% used [0x00000007aab00000,0x00000007aab00000,0x00000007ac800000)
  from space 6144K, 1% used [0x00000007acf00000,0x00000007acf18000,0x00000007ad500000)
  to   space 6656K, 0% used [0x00000007ac800000,0x00000007ac800000,0x00000007ace80000)
 ParOldGen       total 44032K, used 6827K [0x0000000780000000, 0x0000000782b00000, 0x00000007aab00000)
  object space 44032K, 15% used [0x0000000780000000,0x00000007806aafd8,0x0000000782b00000)
 Metaspace       used 7930K, capacity 8025K, committed 8320K, reserved 1056768K
  class space    used 775K, capacity 823K, committed 896K, reserved 1048576K
}
Event: 29.836 GC heap before
{Heap before GC invocations=9 (full 0):
 PSYoungGen      total 35840K, used 29792K [0x00000007aab00000, 0x00000007ad500000, 0x00000007c0000000)
  eden space 29696K, 100% used [0x00000007aab00000,0x00000007ac800000,0x00000007ac800000)
  from space 6144K, 1% used [0x00000007acf00000,0x00000007acf18000,0x00000007ad500000)
  to   space 6656K, 0% used [0x00000007ac800000,0x00000007ac800000,0x00000007ace80000)
 ParOldGen       total 44032K, used 6827K [0x0000000780000000, 0x0000000782b00000, 0x00000007aab00000)
  object space 44032K, 15% used [0x0000000780000000,0x00000007806aafd8,0x0000000782b00000)
 Metaspace       used 7930K, capacity 8025K, committed 8320K, reserved 1056768K
  class space    used 775K, capacity 823K, committed 896K, reserved 1048576K
Event: 29.841 GC heap after
Heap after GC invocations=9 (full 0):
 PSYoungGen      total 29696K, used 64K [0x00000007aab00000, 0x00000007ad480000, 0x00000007c0000000)
  eden space 29184K, 0% used [0x00000007aab00000,0x00000007aab00000,0x00000007ac780000)
  from space 512K, 12% used [0x00000007ac800000,0x00000007ac810000,0x00000007ac880000)
  to   space 6656K, 0% used [0x00000007ace00000,0x00000007ace00000,0x00000007ad480000)
 ParOldGen       total 44032K, used 6851K [0x0000000780000000, 0x0000000782b00000, 0x00000007aab00000)
  object space 44032K, 15% used [0x0000000780000000,0x00000007806b0fd8,0x0000000782b00000)
 Metaspace       used 7930K, capacity 8025K, committed 8320K, reserved 1056768K
  class space    used 775K, capacity 823K, committed 896K, reserved 1048576K
}
Event: 34.615 GC heap before
{Heap before GC invocations=10 (full 0):
 PSYoungGen      total 29696K, used 29248K [0x00000007aab00000, 0x00000007ad480000, 0x00000007c0000000)
  eden space 29184K, 100% used [0x00000007aab00000,0x00000007ac780000,0x00000007ac780000)
  from space 512K, 12% used [0x00000007ac800000,0x00000007ac810000,0x00000007ac880000)
  to   space 6656K, 0% used [0x00000007ace00000,0x00000007ace00000,0x00000007ad480000)
 ParOldGen       total 44032K, used 6851K [0x0000000780000000, 0x0000000782b00000, 0x00000007aab00000)
  object space 44032K, 15% used [0x0000000780000000,0x00000007806b0fd8,0x0000000782b00000)
 Metaspace       used 7930K, capacity 8025K, committed 8320K, reserved 1056768K
  class space    used 775K, capacity 823K, committed 896K, reserved 1048576K
Event: 34.616 GC heap after
Heap after GC invocations=10 (full 0):
 PSYoungGen      total 34816K, used 64K [0x00000007aab00000, 0x00000007ad400000, 0x00000007c0000000)
  eden space 28672K, 0% used [0x00000007aab00000,0x00000007aab00000,0x00000007ac700000)
  from space 6144K, 1% used [0x00000007ace00000,0x00000007ace10000,0x00000007ad400000)
  to   space 6656K, 0% used [0x00000007ac700000,0x00000007ac700000,0x00000007acd80000)
 ParOldGen       total 44032K, used 6867K [0x0000000780000000, 0x0000000782b00000, 0x00000007aab00000)
  object space 44032K, 15% used [0x0000000780000000,0x00000007806b4fd8,0x0000000782b00000)
 Metaspace       used 7930K, capacity 8025K, committed 8320K, reserved 1056768K
  class space    used 775K, capacity 823K, committed 896K, reserved 1048576K
}
Event: 38.351 GC heap before
{Heap before GC invocations=11 (full 0):
 PSYoungGen      total 34816K, used 28736K [0x00000007aab00000, 0x00000007ad400000, 0x00000007c0000000)
  eden space 28672K, 100% used [0x00000007aab00000,0x00000007ac700000,0x00000007ac700000)
  from space 6144K, 1% used [0x00000007ace00000,0x00000007ace10000,0x00000007ad400000)
  to   space 6656K, 0% used [0x00000007ac700000,0x00000007ac700000,0x00000007acd80000)
 ParOldGen       total 44032K, used 6867K [0x0000000780000000, 0x0000000782b00000, 0x00000007aab00000)
  object space 44032K, 15% used [0x0000000780000000,0x00000007806b4fd8,0x0000000782b00000)
 Metaspace       used 7930K, capacity 8025K, committed 8320K, reserved 1056768K
  class space    used 775K, capacity 823K, committed 896K, reserved 1048576K
Event: 38.352 GC heap after
Heap after GC invocations=11 (full 0):
 PSYoungGen      total 28672K, used 64K [0x00000007aab00000, 0x00000007ad380000, 0x00000007c0000000)
  eden space 28160K, 0% used [0x00000007aab00000,0x00000007aab00000,0x00000007ac680000)
  from space 512K, 12% used [0x00000007ac700000,0x00000007ac710000,0x00000007ac780000)
  to   space 6656K, 0% used [0x00000007acd00000,0x00000007acd00000,0x00000007ad380000)
 ParOldGen       total 44032K, used 6883K [0x0000000780000000, 0x0000000782b00000, 0x00000007aab00000)
  object space 44032K, 15% used [0x0000000780000000,0x00000007806b8fd8,0x0000000782b00000)
 Metaspace       used 7930K, capacity 8025K, committed 8320K, reserved 1056768K
  class space    used 775K, capacity 823K, committed 896K, reserved 1048576K
}

